2023-12-31T15:35:21.686+08:00  INFO 8220 --- [main] stack.overflow.demo.DemoApplication      : Starting DemoApplication using Java 17.0.9 with PID 8220 (C:\Users\Mayn\Desktop\JAVA2-Project\target\classes started by Mayn in C:\Users\Mayn\Desktop\JAVA2-Project)
2023-12-31T15:35:21.694+08:00  INFO 8220 --- [main] stack.overflow.demo.DemoApplication      : No active profile set, falling back to 1 default profile: "default"
2023-12-31T15:35:22.093+08:00  INFO 8220 --- [main] .s.d.r.c.RepositoryConfigurationDelegate : Bootstrapping Spring Data JPA repositories in DEFAULT mode.
2023-12-31T15:35:22.131+08:00  INFO 8220 --- [main] .s.d.r.c.RepositoryConfigurationDelegate : Finished Spring Data repository scanning in 32 ms. Found 1 JPA repository interface.
2023-12-31T15:35:22.446+08:00  INFO 8220 --- [main] o.s.b.w.embedded.tomcat.TomcatWebServer  : Tomcat initialized with port 8080 (http)
2023-12-31T15:35:22.455+08:00  INFO 8220 --- [main] o.apache.catalina.core.StandardService   : Starting service [Tomcat]
2023-12-31T15:35:22.455+08:00  INFO 8220 --- [main] o.apache.catalina.core.StandardEngine    : Starting Servlet engine: [Apache Tomcat/10.1.17]
2023-12-31T15:35:22.514+08:00  INFO 8220 --- [main] o.a.c.c.C.[Tomcat].[localhost].[/]       : Initializing Spring embedded WebApplicationContext
2023-12-31T15:35:22.514+08:00  INFO 8220 --- [main] w.s.c.ServletWebServerApplicationContext : Root WebApplicationContext: initialization completed in 793 ms
2023-12-31T15:35:22.607+08:00  INFO 8220 --- [main] o.hibernate.jpa.internal.util.LogHelper  : HHH000204: Processing PersistenceUnitInfo [name: default]
2023-12-31T15:35:22.651+08:00  INFO 8220 --- [main] org.hibernate.Version                    : HHH000412: Hibernate ORM core version 6.4.1.Final
2023-12-31T15:35:22.679+08:00  INFO 8220 --- [main] o.h.c.internal.RegionFactoryInitiator    : HHH000026: Second-level cache disabled
2023-12-31T15:35:22.839+08:00  INFO 8220 --- [main] o.s.o.j.p.SpringPersistenceUnitInfo      : No LoadTimeWeaver setup: ignoring JPA class transformer
2023-12-31T15:35:22.858+08:00  INFO 8220 --- [main] com.zaxxer.hikari.HikariDataSource       : HikariPool-1 - Starting...
2023-12-31T15:35:23.153+08:00  INFO 8220 --- [main] com.zaxxer.hikari.pool.HikariPool        : HikariPool-1 - Added connection org.postgresql.jdbc.PgConnection@77b71c9
2023-12-31T15:35:23.154+08:00  INFO 8220 --- [main] com.zaxxer.hikari.HikariDataSource       : HikariPool-1 - Start completed.
2023-12-31T15:35:23.189+08:00  WARN 8220 --- [main] org.hibernate.orm.deprecation            : HHH90000025: PostgreSQLDialect does not need to be specified explicitly using 'hibernate.dialect' (remove the property setting and it will be selected by default)
2023-12-31T15:35:23.797+08:00  INFO 8220 --- [main] o.h.e.t.j.p.i.JtaPlatformInitiator       : HHH000489: No JTA platform available (set 'hibernate.transaction.jta.platform' to enable JTA platform integration)
2023-12-31T15:35:23.930+08:00  INFO 8220 --- [main] j.LocalContainerEntityManagerFactoryBean : Initialized JPA EntityManagerFactory for persistence unit 'default'
2023-12-31T15:35:24.069+08:00  INFO 8220 --- [main] s.o.demo.service.TopTagQuestionService   : Create new TopTagQuestionService
2023-12-31T15:35:24.069+08:00  INFO 8220 --- [main] s.o.d.c.TopTagQuestionController         : Create new TopTagQuestionController
2023-12-31T15:35:24.089+08:00  WARN 8220 --- [main] JpaBaseConfiguration$JpaWebConfiguration : spring.jpa.open-in-view is enabled by default. Therefore, database queries may be performed during view rendering. Explicitly configure spring.jpa.open-in-view to disable this warning
2023-12-31T15:35:24.301+08:00  INFO 8220 --- [main] o.s.b.w.embedded.tomcat.TomcatWebServer  : Tomcat started on port 8080 (http) with context path ''
2023-12-31T15:35:24.307+08:00  INFO 8220 --- [main] stack.overflow.demo.DemoApplication      : Started DemoApplication in 2.882 seconds (process running for 3.621)
2023-12-31T15:35:57.125+08:00  INFO 8220 --- [http-nio-8080-exec-1] o.a.c.c.C.[Tomcat].[localhost].[/]       : Initializing Spring DispatcherServlet 'dispatcherServlet'
2023-12-31T15:35:57.125+08:00  INFO 8220 --- [http-nio-8080-exec-1] o.s.web.servlet.DispatcherServlet        : Initializing Servlet 'dispatcherServlet'
2023-12-31T15:35:57.125+08:00  INFO 8220 --- [http-nio-8080-exec-1] o.s.web.servlet.DispatcherServlet        : Completed initialization in 0 ms
2023-12-31T15:38:00.105+08:00  INFO 8220 --- [SpringApplicationShutdownHook] j.LocalContainerEntityManagerFactoryBean : Closing JPA EntityManagerFactory for persistence unit 'default'
2023-12-31T15:38:00.107+08:00  INFO 8220 --- [SpringApplicationShutdownHook] com.zaxxer.hikari.HikariDataSource       : HikariPool-1 - Shutdown initiated...
2023-12-31T15:38:00.189+08:00  INFO 8220 --- [SpringApplicationShutdownHook] com.zaxxer.hikari.HikariDataSource       : HikariPool-1 - Shutdown completed.
2023-12-31T15:38:03.670+08:00  INFO 6348 --- [main] stack.overflow.demo.DemoApplication      : Starting DemoApplication using Java 17.0.9 with PID 6348 (C:\Users\Mayn\Desktop\JAVA2-Project\target\classes started by Mayn in C:\Users\Mayn\Desktop\JAVA2-Project)
2023-12-31T15:38:03.672+08:00  INFO 6348 --- [main] stack.overflow.demo.DemoApplication      : No active profile set, falling back to 1 default profile: "default"
2023-12-31T15:38:03.992+08:00  INFO 6348 --- [main] .s.d.r.c.RepositoryConfigurationDelegate : Bootstrapping Spring Data JPA repositories in DEFAULT mode.
2023-12-31T15:38:04.025+08:00  INFO 6348 --- [main] .s.d.r.c.RepositoryConfigurationDelegate : Finished Spring Data repository scanning in 27 ms. Found 1 JPA repository interface.
2023-12-31T15:38:04.294+08:00  INFO 6348 --- [main] o.s.b.w.embedded.tomcat.TomcatWebServer  : Tomcat initialized with port 8080 (http)
2023-12-31T15:38:04.300+08:00  INFO 6348 --- [main] o.apache.catalina.core.StandardService   : Starting service [Tomcat]
2023-12-31T15:38:04.300+08:00  INFO 6348 --- [main] o.apache.catalina.core.StandardEngine    : Starting Servlet engine: [Apache Tomcat/10.1.17]
2023-12-31T15:38:04.333+08:00  INFO 6348 --- [main] o.a.c.c.C.[Tomcat].[localhost].[/]       : Initializing Spring embedded WebApplicationContext
2023-12-31T15:38:04.333+08:00  INFO 6348 --- [main] w.s.c.ServletWebServerApplicationContext : Root WebApplicationContext: initialization completed in 637 ms
2023-12-31T15:38:04.410+08:00  INFO 6348 --- [main] o.hibernate.jpa.internal.util.LogHelper  : HHH000204: Processing PersistenceUnitInfo [name: default]
2023-12-31T15:38:04.441+08:00  INFO 6348 --- [main] org.hibernate.Version                    : HHH000412: Hibernate ORM core version 6.4.1.Final
2023-12-31T15:38:04.461+08:00  INFO 6348 --- [main] o.h.c.internal.RegionFactoryInitiator    : HHH000026: Second-level cache disabled
2023-12-31T15:38:04.581+08:00  INFO 6348 --- [main] o.s.o.j.p.SpringPersistenceUnitInfo      : No LoadTimeWeaver setup: ignoring JPA class transformer
2023-12-31T15:38:04.594+08:00  INFO 6348 --- [main] com.zaxxer.hikari.HikariDataSource       : HikariPool-1 - Starting...
2023-12-31T15:38:04.823+08:00  INFO 6348 --- [main] com.zaxxer.hikari.pool.HikariPool        : HikariPool-1 - Added connection org.postgresql.jdbc.PgConnection@3a16984c
2023-12-31T15:38:04.824+08:00  INFO 6348 --- [main] com.zaxxer.hikari.HikariDataSource       : HikariPool-1 - Start completed.
2023-12-31T15:38:04.854+08:00  WARN 6348 --- [main] org.hibernate.orm.deprecation            : HHH90000025: PostgreSQLDialect does not need to be specified explicitly using 'hibernate.dialect' (remove the property setting and it will be selected by default)
2023-12-31T15:38:05.357+08:00  INFO 6348 --- [main] o.h.e.t.j.p.i.JtaPlatformInitiator       : HHH000489: No JTA platform available (set 'hibernate.transaction.jta.platform' to enable JTA platform integration)
2023-12-31T15:38:05.486+08:00  INFO 6348 --- [main] j.LocalContainerEntityManagerFactoryBean : Initialized JPA EntityManagerFactory for persistence unit 'default'
2023-12-31T15:38:05.612+08:00  INFO 6348 --- [main] s.o.demo.service.TopTagQuestionService   : Create new TopTagQuestionService
2023-12-31T15:38:05.612+08:00  INFO 6348 --- [main] s.o.d.c.TopTagQuestionController         : Create new TopTagQuestionController
2023-12-31T15:38:05.629+08:00  WARN 6348 --- [main] JpaBaseConfiguration$JpaWebConfiguration : spring.jpa.open-in-view is enabled by default. Therefore, database queries may be performed during view rendering. Explicitly configure spring.jpa.open-in-view to disable this warning
2023-12-31T15:38:05.804+08:00  INFO 6348 --- [main] o.s.b.w.embedded.tomcat.TomcatWebServer  : Tomcat started on port 8080 (http) with context path ''
2023-12-31T15:38:05.810+08:00  INFO 6348 --- [main] stack.overflow.demo.DemoApplication      : Started DemoApplication in 2.367 seconds (process running for 2.654)
2023-12-31T15:38:09.229+08:00  INFO 6348 --- [http-nio-8080-exec-1] o.a.c.c.C.[Tomcat].[localhost].[/]       : Initializing Spring DispatcherServlet 'dispatcherServlet'
2023-12-31T15:38:09.229+08:00  INFO 6348 --- [http-nio-8080-exec-1] o.s.web.servlet.DispatcherServlet        : Initializing Servlet 'dispatcherServlet'
2023-12-31T15:38:09.230+08:00  INFO 6348 --- [http-nio-8080-exec-1] o.s.web.servlet.DispatcherServlet        : Completed initialization in 1 ms
2023-12-31T15:45:20.201+08:00  INFO 6348 --- [SpringApplicationShutdownHook] j.LocalContainerEntityManagerFactoryBean : Closing JPA EntityManagerFactory for persistence unit 'default'
2023-12-31T15:45:20.202+08:00  INFO 6348 --- [SpringApplicationShutdownHook] com.zaxxer.hikari.HikariDataSource       : HikariPool-1 - Shutdown initiated...
2023-12-31T15:45:20.288+08:00  INFO 6348 --- [SpringApplicationShutdownHook] com.zaxxer.hikari.HikariDataSource       : HikariPool-1 - Shutdown completed.
2023-12-31T15:48:59.901+08:00  INFO 11068 --- [main] stack.overflow.demo.DemoApplication      : Starting DemoApplication using Java 17.0.9 with PID 11068 (C:\Users\Mayn\Desktop\JAVA2-Project\target\classes started by Mayn in C:\Users\Mayn\Desktop\JAVA2-Project)
2023-12-31T15:48:59.902+08:00  INFO 11068 --- [main] stack.overflow.demo.DemoApplication      : No active profile set, falling back to 1 default profile: "default"
2023-12-31T15:49:00.194+08:00  INFO 11068 --- [main] .s.d.r.c.RepositoryConfigurationDelegate : Bootstrapping Spring Data JPA repositories in DEFAULT mode.
2023-12-31T15:49:00.227+08:00  INFO 11068 --- [main] .s.d.r.c.RepositoryConfigurationDelegate : Finished Spring Data repository scanning in 28 ms. Found 1 JPA repository interface.
2023-12-31T15:49:00.485+08:00  INFO 11068 --- [main] o.s.b.w.embedded.tomcat.TomcatWebServer  : Tomcat initialized with port 8080 (http)
2023-12-31T15:49:00.491+08:00  INFO 11068 --- [main] o.apache.catalina.core.StandardService   : Starting service [Tomcat]
2023-12-31T15:49:00.491+08:00  INFO 11068 --- [main] o.apache.catalina.core.StandardEngine    : Starting Servlet engine: [Apache Tomcat/10.1.17]
2023-12-31T15:49:00.521+08:00  INFO 11068 --- [main] o.a.c.c.C.[Tomcat].[localhost].[/]       : Initializing Spring embedded WebApplicationContext
2023-12-31T15:49:00.521+08:00  INFO 11068 --- [main] w.s.c.ServletWebServerApplicationContext : Root WebApplicationContext: initialization completed in 597 ms
2023-12-31T15:49:00.596+08:00  INFO 11068 --- [main] o.hibernate.jpa.internal.util.LogHelper  : HHH000204: Processing PersistenceUnitInfo [name: default]
2023-12-31T15:49:00.625+08:00  INFO 11068 --- [main] org.hibernate.Version                    : HHH000412: Hibernate ORM core version 6.4.1.Final
2023-12-31T15:49:00.641+08:00  INFO 11068 --- [main] o.h.c.internal.RegionFactoryInitiator    : HHH000026: Second-level cache disabled
2023-12-31T15:49:00.760+08:00  INFO 11068 --- [main] o.s.o.j.p.SpringPersistenceUnitInfo      : No LoadTimeWeaver setup: ignoring JPA class transformer
2023-12-31T15:49:00.775+08:00  INFO 11068 --- [main] com.zaxxer.hikari.HikariDataSource       : HikariPool-1 - Starting...
2023-12-31T15:49:01.005+08:00  INFO 11068 --- [main] com.zaxxer.hikari.pool.HikariPool        : HikariPool-1 - Added connection org.postgresql.jdbc.PgConnection@2b3f7704
2023-12-31T15:49:01.005+08:00  INFO 11068 --- [main] com.zaxxer.hikari.HikariDataSource       : HikariPool-1 - Start completed.
2023-12-31T15:49:01.036+08:00  WARN 11068 --- [main] org.hibernate.orm.deprecation            : HHH90000025: PostgreSQLDialect does not need to be specified explicitly using 'hibernate.dialect' (remove the property setting and it will be selected by default)
2023-12-31T15:49:01.154+08:00 ERROR 11068 --- [main] j.LocalContainerEntityManagerFactoryBean : Failed to initialize JPA EntityManagerFactory: Property 'stack.overflow.demo.model.TopTagQuestion.tags' is not a collection and may not be a '@OneToMany', '@ManyToMany', or '@ElementCollection'
2023-12-31T15:49:01.154+08:00  WARN 11068 --- [main] ConfigServletWebServerApplicationContext : Exception encountered during context initialization - cancelling refresh attempt: org.springframework.beans.factory.BeanCreationException: Error creating bean with name 'entityManagerFactory' defined in class path resource [org/springframework/boot/autoconfigure/orm/jpa/HibernateJpaConfiguration.class]: Property 'stack.overflow.demo.model.TopTagQuestion.tags' is not a collection and may not be a '@OneToMany', '@ManyToMany', or '@ElementCollection'
2023-12-31T15:49:01.154+08:00  INFO 11068 --- [main] com.zaxxer.hikari.HikariDataSource       : HikariPool-1 - Shutdown initiated...
2023-12-31T15:49:01.249+08:00  INFO 11068 --- [main] com.zaxxer.hikari.HikariDataSource       : HikariPool-1 - Shutdown completed.
2023-12-31T15:49:01.251+08:00  INFO 11068 --- [main] o.apache.catalina.core.StandardService   : Stopping service [Tomcat]
2023-12-31T15:49:01.258+08:00  INFO 11068 --- [main] .s.b.a.l.ConditionEvaluationReportLogger : 

Error starting ApplicationContext. To display the condition evaluation report re-run your application with 'debug' enabled.
2023-12-31T15:49:01.267+08:00 ERROR 11068 --- [main] o.s.boot.SpringApplication               : Application run failed

org.springframework.beans.factory.BeanCreationException: Error creating bean with name 'entityManagerFactory' defined in class path resource [org/springframework/boot/autoconfigure/orm/jpa/HibernateJpaConfiguration.class]: Property 'stack.overflow.demo.model.TopTagQuestion.tags' is not a collection and may not be a '@OneToMany', '@ManyToMany', or '@ElementCollection'
	at org.springframework.beans.factory.support.AbstractAutowireCapableBeanFactory.initializeBean(AbstractAutowireCapableBeanFactory.java:1773) ~[spring-beans-6.1.2.jar:6.1.2]
	at org.springframework.beans.factory.support.AbstractAutowireCapableBeanFactory.doCreateBean(AbstractAutowireCapableBeanFactory.java:599) ~[spring-beans-6.1.2.jar:6.1.2]
	at org.springframework.beans.factory.support.AbstractAutowireCapableBeanFactory.createBean(AbstractAutowireCapableBeanFactory.java:521) ~[spring-beans-6.1.2.jar:6.1.2]
	at org.springframework.beans.factory.support.AbstractBeanFactory.lambda$doGetBean$0(AbstractBeanFactory.java:325) ~[spring-beans-6.1.2.jar:6.1.2]
	at org.springframework.beans.factory.support.DefaultSingletonBeanRegistry.getSingleton(DefaultSingletonBeanRegistry.java:234) ~[spring-beans-6.1.2.jar:6.1.2]
	at org.springframework.beans.factory.support.AbstractBeanFactory.doGetBean(AbstractBeanFactory.java:323) ~[spring-beans-6.1.2.jar:6.1.2]
	at org.springframework.beans.factory.support.AbstractBeanFactory.getBean(AbstractBeanFactory.java:199) ~[spring-beans-6.1.2.jar:6.1.2]
	at org.springframework.context.support.AbstractApplicationContext.getBean(AbstractApplicationContext.java:1232) ~[spring-context-6.1.2.jar:6.1.2]
	at org.springframework.context.support.AbstractApplicationContext.finishBeanFactoryInitialization(AbstractApplicationContext.java:950) ~[spring-context-6.1.2.jar:6.1.2]
	at org.springframework.context.support.AbstractApplicationContext.refresh(AbstractApplicationContext.java:625) ~[spring-context-6.1.2.jar:6.1.2]
	at org.springframework.boot.web.servlet.context.ServletWebServerApplicationContext.refresh(ServletWebServerApplicationContext.java:146) ~[spring-boot-3.2.1.jar:3.2.1]
	at org.springframework.boot.SpringApplication.refresh(SpringApplication.java:762) ~[spring-boot-3.2.1.jar:3.2.1]
	at org.springframework.boot.SpringApplication.refreshContext(SpringApplication.java:464) ~[spring-boot-3.2.1.jar:3.2.1]
	at org.springframework.boot.SpringApplication.run(SpringApplication.java:334) ~[spring-boot-3.2.1.jar:3.2.1]
	at org.springframework.boot.SpringApplication.run(SpringApplication.java:1358) ~[spring-boot-3.2.1.jar:3.2.1]
	at org.springframework.boot.SpringApplication.run(SpringApplication.java:1347) ~[spring-boot-3.2.1.jar:3.2.1]
	at stack.overflow.demo.DemoApplication.main(DemoApplication.java:10) ~[classes/:na]
Caused by: org.hibernate.AnnotationException: Property 'stack.overflow.demo.model.TopTagQuestion.tags' is not a collection and may not be a '@OneToMany', '@ManyToMany', or '@ElementCollection'
	at org.hibernate.boot.model.internal.CollectionBinder.determineSemanticJavaType(CollectionBinder.java:1118) ~[hibernate-core-6.4.1.Final.jar:6.4.1.Final]
	at org.hibernate.boot.model.internal.CollectionBinder.determineCollectionClassification(CollectionBinder.java:1010) ~[hibernate-core-6.4.1.Final.jar:6.4.1.Final]
	at org.hibernate.boot.model.internal.CollectionBinder.createBinderAutomatically(CollectionBinder.java:852) ~[hibernate-core-6.4.1.Final.jar:6.4.1.Final]
	at org.hibernate.boot.model.internal.CollectionBinder.getCollectionBinder(CollectionBinder.java:845) ~[hibernate-core-6.4.1.Final.jar:6.4.1.Final]
	at org.hibernate.boot.model.internal.CollectionBinder.bindCollection(CollectionBinder.java:280) ~[hibernate-core-6.4.1.Final.jar:6.4.1.Final]
	at org.hibernate.boot.model.internal.PropertyBinder.bindProperty(PropertyBinder.java:874) ~[hibernate-core-6.4.1.Final.jar:6.4.1.Final]
	at org.hibernate.boot.model.internal.PropertyBinder.buildProperty(PropertyBinder.java:788) ~[hibernate-core-6.4.1.Final.jar:6.4.1.Final]
	at org.hibernate.boot.model.internal.PropertyBinder.processElementAnnotations(PropertyBinder.java:709) ~[hibernate-core-6.4.1.Final.jar:6.4.1.Final]
	at org.hibernate.boot.model.internal.EntityBinder.processIdPropertiesIfNotAlready(EntityBinder.java:1026) ~[hibernate-core-6.4.1.Final.jar:6.4.1.Final]
	at org.hibernate.boot.model.internal.EntityBinder.handleIdentifier(EntityBinder.java:354) ~[hibernate-core-6.4.1.Final.jar:6.4.1.Final]
	at org.hibernate.boot.model.internal.EntityBinder.bindEntityClass(EntityBinder.java:234) ~[hibernate-core-6.4.1.Final.jar:6.4.1.Final]
	at org.hibernate.boot.model.internal.AnnotationBinder.bindClass(AnnotationBinder.java:423) ~[hibernate-core-6.4.1.Final.jar:6.4.1.Final]
	at org.hibernate.boot.model.source.internal.annotations.AnnotationMetadataSourceProcessorImpl.processEntityHierarchies(AnnotationMetadataSourceProcessorImpl.java:256) ~[hibernate-core-6.4.1.Final.jar:6.4.1.Final]
	at org.hibernate.boot.model.process.spi.MetadataBuildingProcess$1.processEntityHierarchies(MetadataBuildingProcess.java:279) ~[hibernate-core-6.4.1.Final.jar:6.4.1.Final]
	at org.hibernate.boot.model.process.spi.MetadataBuildingProcess.complete(MetadataBuildingProcess.java:322) ~[hibernate-core-6.4.1.Final.jar:6.4.1.Final]
	at org.hibernate.jpa.boot.internal.EntityManagerFactoryBuilderImpl.metadata(EntityManagerFactoryBuilderImpl.java:1432) ~[hibernate-core-6.4.1.Final.jar:6.4.1.Final]
	at org.hibernate.jpa.boot.internal.EntityManagerFactoryBuilderImpl.build(EntityManagerFactoryBuilderImpl.java:1503) ~[hibernate-core-6.4.1.Final.jar:6.4.1.Final]
	at org.springframework.orm.jpa.vendor.SpringHibernateJpaPersistenceProvider.createContainerEntityManagerFactory(SpringHibernateJpaPersistenceProvider.java:75) ~[spring-orm-6.1.2.jar:6.1.2]
	at org.springframework.orm.jpa.LocalContainerEntityManagerFactoryBean.createNativeEntityManagerFactory(LocalContainerEntityManagerFactoryBean.java:376) ~[spring-orm-6.1.2.jar:6.1.2]
	at org.springframework.orm.jpa.AbstractEntityManagerFactoryBean.buildNativeEntityManagerFactory(AbstractEntityManagerFactoryBean.java:409) ~[spring-orm-6.1.2.jar:6.1.2]
	at org.springframework.orm.jpa.AbstractEntityManagerFactoryBean.afterPropertiesSet(AbstractEntityManagerFactoryBean.java:396) ~[spring-orm-6.1.2.jar:6.1.2]
	at org.springframework.orm.jpa.LocalContainerEntityManagerFactoryBean.afterPropertiesSet(LocalContainerEntityManagerFactoryBean.java:352) ~[spring-orm-6.1.2.jar:6.1.2]
	at org.springframework.beans.factory.support.AbstractAutowireCapableBeanFactory.invokeInitMethods(AbstractAutowireCapableBeanFactory.java:1820) ~[spring-beans-6.1.2.jar:6.1.2]
	at org.springframework.beans.factory.support.AbstractAutowireCapableBeanFactory.initializeBean(AbstractAutowireCapableBeanFactory.java:1769) ~[spring-beans-6.1.2.jar:6.1.2]
	... 16 common frames omitted

2023-12-31T15:50:14.588+08:00  INFO 10484 --- [main] stack.overflow.demo.DemoApplication      : Starting DemoApplication using Java 17.0.9 with PID 10484 (C:\Users\Mayn\Desktop\JAVA2-Project\target\classes started by Mayn in C:\Users\Mayn\Desktop\JAVA2-Project)
2023-12-31T15:50:14.590+08:00  INFO 10484 --- [main] stack.overflow.demo.DemoApplication      : No active profile set, falling back to 1 default profile: "default"
2023-12-31T15:50:14.891+08:00  INFO 10484 --- [main] .s.d.r.c.RepositoryConfigurationDelegate : Bootstrapping Spring Data JPA repositories in DEFAULT mode.
2023-12-31T15:50:14.926+08:00  INFO 10484 --- [main] .s.d.r.c.RepositoryConfigurationDelegate : Finished Spring Data repository scanning in 31 ms. Found 1 JPA repository interface.
2023-12-31T15:50:15.194+08:00  INFO 10484 --- [main] o.s.b.w.embedded.tomcat.TomcatWebServer  : Tomcat initialized with port 8080 (http)
2023-12-31T15:50:15.200+08:00  INFO 10484 --- [main] o.apache.catalina.core.StandardService   : Starting service [Tomcat]
2023-12-31T15:50:15.201+08:00  INFO 10484 --- [main] o.apache.catalina.core.StandardEngine    : Starting Servlet engine: [Apache Tomcat/10.1.17]
2023-12-31T15:50:15.234+08:00  INFO 10484 --- [main] o.a.c.c.C.[Tomcat].[localhost].[/]       : Initializing Spring embedded WebApplicationContext
2023-12-31T15:50:15.234+08:00  INFO 10484 --- [main] w.s.c.ServletWebServerApplicationContext : Root WebApplicationContext: initialization completed in 620 ms
2023-12-31T15:50:15.310+08:00  INFO 10484 --- [main] o.hibernate.jpa.internal.util.LogHelper  : HHH000204: Processing PersistenceUnitInfo [name: default]
2023-12-31T15:50:15.336+08:00  INFO 10484 --- [main] org.hibernate.Version                    : HHH000412: Hibernate ORM core version 6.4.1.Final
2023-12-31T15:50:15.352+08:00  INFO 10484 --- [main] o.h.c.internal.RegionFactoryInitiator    : HHH000026: Second-level cache disabled
2023-12-31T15:50:15.472+08:00  INFO 10484 --- [main] o.s.o.j.p.SpringPersistenceUnitInfo      : No LoadTimeWeaver setup: ignoring JPA class transformer
2023-12-31T15:50:15.486+08:00  INFO 10484 --- [main] com.zaxxer.hikari.HikariDataSource       : HikariPool-1 - Starting...
2023-12-31T15:50:15.734+08:00  INFO 10484 --- [main] com.zaxxer.hikari.pool.HikariPool        : HikariPool-1 - Added connection org.postgresql.jdbc.PgConnection@2b3f7704
2023-12-31T15:50:15.735+08:00  INFO 10484 --- [main] com.zaxxer.hikari.HikariDataSource       : HikariPool-1 - Start completed.
2023-12-31T15:50:15.770+08:00  WARN 10484 --- [main] org.hibernate.orm.deprecation            : HHH90000025: PostgreSQLDialect does not need to be specified explicitly using 'hibernate.dialect' (remove the property setting and it will be selected by default)
2023-12-31T15:50:16.242+08:00  INFO 10484 --- [main] o.h.e.t.j.p.i.JtaPlatformInitiator       : HHH000489: No JTA platform available (set 'hibernate.transaction.jta.platform' to enable JTA platform integration)
2023-12-31T15:50:16.322+08:00  INFO 10484 --- [main] j.LocalContainerEntityManagerFactoryBean : Initialized JPA EntityManagerFactory for persistence unit 'default'
2023-12-31T15:50:16.441+08:00  INFO 10484 --- [main] s.o.demo.service.TopTagQuestionService   : Create new TopTagQuestionService
2023-12-31T15:50:16.441+08:00  INFO 10484 --- [main] s.o.d.c.TopTagQuestionController         : Create new TopTagQuestionController
2023-12-31T15:50:16.461+08:00  WARN 10484 --- [main] JpaBaseConfiguration$JpaWebConfiguration : spring.jpa.open-in-view is enabled by default. Therefore, database queries may be performed during view rendering. Explicitly configure spring.jpa.open-in-view to disable this warning
2023-12-31T15:50:16.638+08:00  INFO 10484 --- [main] o.s.b.w.embedded.tomcat.TomcatWebServer  : Tomcat started on port 8080 (http) with context path ''
2023-12-31T15:50:16.643+08:00  INFO 10484 --- [main] stack.overflow.demo.DemoApplication      : Started DemoApplication in 2.278 seconds (process running for 2.571)
2023-12-31T15:50:21.889+08:00  INFO 10484 --- [http-nio-8080-exec-1] o.a.c.c.C.[Tomcat].[localhost].[/]       : Initializing Spring DispatcherServlet 'dispatcherServlet'
2023-12-31T15:50:21.889+08:00  INFO 10484 --- [http-nio-8080-exec-1] o.s.web.servlet.DispatcherServlet        : Initializing Servlet 'dispatcherServlet'
2023-12-31T15:50:21.890+08:00  INFO 10484 --- [http-nio-8080-exec-1] o.s.web.servlet.DispatcherServlet        : Completed initialization in 1 ms
2023-12-31T15:58:18.648+08:00  INFO 10484 --- [SpringApplicationShutdownHook] j.LocalContainerEntityManagerFactoryBean : Closing JPA EntityManagerFactory for persistence unit 'default'
2023-12-31T15:58:18.664+08:00  INFO 10484 --- [SpringApplicationShutdownHook] com.zaxxer.hikari.HikariDataSource       : HikariPool-1 - Shutdown initiated...
2023-12-31T15:58:18.773+08:00  INFO 10484 --- [SpringApplicationShutdownHook] com.zaxxer.hikari.HikariDataSource       : HikariPool-1 - Shutdown completed.
2023-12-31T16:17:57.783+08:00  INFO 15452 --- [main] stack.overflow.demo.DemoApplication      : Starting DemoApplication using Java 17.0.9 with PID 15452 (C:\Users\Mayn\Desktop\JAVA2-Project\target\classes started by Mayn in C:\Users\Mayn\Desktop\JAVA2-Project)
2023-12-31T16:17:57.784+08:00  INFO 15452 --- [main] stack.overflow.demo.DemoApplication      : No active profile set, falling back to 1 default profile: "default"
2023-12-31T16:17:58.086+08:00  INFO 15452 --- [main] .s.d.r.c.RepositoryConfigurationDelegate : Bootstrapping Spring Data JPA repositories in DEFAULT mode.
2023-12-31T16:17:58.120+08:00  INFO 15452 --- [main] .s.d.r.c.RepositoryConfigurationDelegate : Finished Spring Data repository scanning in 29 ms. Found 1 JPA repository interface.
2023-12-31T16:17:58.381+08:00  INFO 15452 --- [main] o.s.b.w.embedded.tomcat.TomcatWebServer  : Tomcat initialized with port 8080 (http)
2023-12-31T16:17:58.387+08:00  INFO 15452 --- [main] o.apache.catalina.core.StandardService   : Starting service [Tomcat]
2023-12-31T16:17:58.387+08:00  INFO 15452 --- [main] o.apache.catalina.core.StandardEngine    : Starting Servlet engine: [Apache Tomcat/10.1.17]
2023-12-31T16:17:58.419+08:00  INFO 15452 --- [main] o.a.c.c.C.[Tomcat].[localhost].[/]       : Initializing Spring embedded WebApplicationContext
2023-12-31T16:17:58.419+08:00  INFO 15452 --- [main] w.s.c.ServletWebServerApplicationContext : Root WebApplicationContext: initialization completed in 613 ms
2023-12-31T16:17:58.496+08:00  INFO 15452 --- [main] o.hibernate.jpa.internal.util.LogHelper  : HHH000204: Processing PersistenceUnitInfo [name: default]
2023-12-31T16:17:58.522+08:00  INFO 15452 --- [main] org.hibernate.Version                    : HHH000412: Hibernate ORM core version 6.4.1.Final
2023-12-31T16:17:58.544+08:00  INFO 15452 --- [main] o.h.c.internal.RegionFactoryInitiator    : HHH000026: Second-level cache disabled
2023-12-31T16:17:58.674+08:00  INFO 15452 --- [main] o.s.o.j.p.SpringPersistenceUnitInfo      : No LoadTimeWeaver setup: ignoring JPA class transformer
2023-12-31T16:17:58.690+08:00  INFO 15452 --- [main] com.zaxxer.hikari.HikariDataSource       : HikariPool-1 - Starting...
2023-12-31T16:17:58.905+08:00  INFO 15452 --- [main] com.zaxxer.hikari.pool.HikariPool        : HikariPool-1 - Added connection org.postgresql.jdbc.PgConnection@41e8d917
2023-12-31T16:17:58.906+08:00  INFO 15452 --- [main] com.zaxxer.hikari.HikariDataSource       : HikariPool-1 - Start completed.
2023-12-31T16:17:58.939+08:00  WARN 15452 --- [main] org.hibernate.orm.deprecation            : HHH90000025: PostgreSQLDialect does not need to be specified explicitly using 'hibernate.dialect' (remove the property setting and it will be selected by default)
2023-12-31T16:17:59.401+08:00  INFO 15452 --- [main] o.h.e.t.j.p.i.JtaPlatformInitiator       : HHH000489: No JTA platform available (set 'hibernate.transaction.jta.platform' to enable JTA platform integration)
2023-12-31T16:17:59.461+08:00  INFO 15452 --- [main] j.LocalContainerEntityManagerFactoryBean : Initialized JPA EntityManagerFactory for persistence unit 'default'
2023-12-31T16:17:59.583+08:00  INFO 15452 --- [main] s.o.demo.service.TopTagQuestionService   : Create new TopTagQuestionService
2023-12-31T16:17:59.584+08:00  INFO 15452 --- [main] s.o.d.c.TopTagQuestionController         : Create new TopTagQuestionController
2023-12-31T16:17:59.602+08:00  WARN 15452 --- [main] JpaBaseConfiguration$JpaWebConfiguration : spring.jpa.open-in-view is enabled by default. Therefore, database queries may be performed during view rendering. Explicitly configure spring.jpa.open-in-view to disable this warning
2023-12-31T16:17:59.786+08:00  INFO 15452 --- [main] o.s.b.w.embedded.tomcat.TomcatWebServer  : Tomcat started on port 8080 (http) with context path ''
2023-12-31T16:17:59.791+08:00  INFO 15452 --- [main] stack.overflow.demo.DemoApplication      : Started DemoApplication in 2.228 seconds (process running for 2.519)
2023-12-31T16:18:03.706+08:00  INFO 15452 --- [http-nio-8080-exec-1] o.a.c.c.C.[Tomcat].[localhost].[/]       : Initializing Spring DispatcherServlet 'dispatcherServlet'
2023-12-31T16:18:03.706+08:00  INFO 15452 --- [http-nio-8080-exec-1] o.s.web.servlet.DispatcherServlet        : Initializing Servlet 'dispatcherServlet'
2023-12-31T16:18:03.707+08:00  INFO 15452 --- [http-nio-8080-exec-1] o.s.web.servlet.DispatcherServlet        : Completed initialization in 1 ms
2023-12-31T16:23:11.211+08:00  INFO 15452 --- [SpringApplicationShutdownHook] j.LocalContainerEntityManagerFactoryBean : Closing JPA EntityManagerFactory for persistence unit 'default'
2023-12-31T16:23:11.212+08:00  INFO 15452 --- [SpringApplicationShutdownHook] com.zaxxer.hikari.HikariDataSource       : HikariPool-1 - Shutdown initiated...
2023-12-31T16:23:11.399+08:00  INFO 15452 --- [SpringApplicationShutdownHook] com.zaxxer.hikari.HikariDataSource       : HikariPool-1 - Shutdown completed.
2023-12-31T16:23:12.752+08:00  INFO 9252 --- [main] stack.overflow.demo.DemoApplication      : Starting DemoApplication using Java 17.0.9 with PID 9252 (C:\Users\Mayn\Desktop\JAVA2-Project\target\classes started by Mayn in C:\Users\Mayn\Desktop\JAVA2-Project)
2023-12-31T16:23:12.754+08:00  INFO 9252 --- [main] stack.overflow.demo.DemoApplication      : No active profile set, falling back to 1 default profile: "default"
2023-12-31T16:23:13.060+08:00  INFO 9252 --- [main] .s.d.r.c.RepositoryConfigurationDelegate : Bootstrapping Spring Data JPA repositories in DEFAULT mode.
2023-12-31T16:23:13.091+08:00  INFO 9252 --- [main] .s.d.r.c.RepositoryConfigurationDelegate : Finished Spring Data repository scanning in 27 ms. Found 1 JPA repository interface.
2023-12-31T16:23:13.349+08:00  INFO 9252 --- [main] o.s.b.w.embedded.tomcat.TomcatWebServer  : Tomcat initialized with port 8080 (http)
2023-12-31T16:23:13.354+08:00  INFO 9252 --- [main] o.apache.catalina.core.StandardService   : Starting service [Tomcat]
2023-12-31T16:23:13.354+08:00  INFO 9252 --- [main] o.apache.catalina.core.StandardEngine    : Starting Servlet engine: [Apache Tomcat/10.1.17]
2023-12-31T16:23:13.385+08:00  INFO 9252 --- [main] o.a.c.c.C.[Tomcat].[localhost].[/]       : Initializing Spring embedded WebApplicationContext
2023-12-31T16:23:13.386+08:00  INFO 9252 --- [main] w.s.c.ServletWebServerApplicationContext : Root WebApplicationContext: initialization completed in 610 ms
2023-12-31T16:23:13.462+08:00  INFO 9252 --- [main] o.hibernate.jpa.internal.util.LogHelper  : HHH000204: Processing PersistenceUnitInfo [name: default]
2023-12-31T16:23:13.488+08:00  INFO 9252 --- [main] org.hibernate.Version                    : HHH000412: Hibernate ORM core version 6.4.1.Final
2023-12-31T16:23:13.507+08:00  INFO 9252 --- [main] o.h.c.internal.RegionFactoryInitiator    : HHH000026: Second-level cache disabled
2023-12-31T16:23:13.638+08:00  INFO 9252 --- [main] o.s.o.j.p.SpringPersistenceUnitInfo      : No LoadTimeWeaver setup: ignoring JPA class transformer
2023-12-31T16:23:13.654+08:00  INFO 9252 --- [main] com.zaxxer.hikari.HikariDataSource       : HikariPool-1 - Starting...
2023-12-31T16:23:13.891+08:00  INFO 9252 --- [main] com.zaxxer.hikari.pool.HikariPool        : HikariPool-1 - Added connection org.postgresql.jdbc.PgConnection@3db1ce78
2023-12-31T16:23:13.892+08:00  INFO 9252 --- [main] com.zaxxer.hikari.HikariDataSource       : HikariPool-1 - Start completed.
2023-12-31T16:23:13.925+08:00  WARN 9252 --- [main] org.hibernate.orm.deprecation            : HHH90000025: PostgreSQLDialect does not need to be specified explicitly using 'hibernate.dialect' (remove the property setting and it will be selected by default)
2023-12-31T16:23:14.413+08:00  INFO 9252 --- [main] o.h.e.t.j.p.i.JtaPlatformInitiator       : HHH000489: No JTA platform available (set 'hibernate.transaction.jta.platform' to enable JTA platform integration)
2023-12-31T16:23:14.473+08:00  INFO 9252 --- [main] j.LocalContainerEntityManagerFactoryBean : Initialized JPA EntityManagerFactory for persistence unit 'default'
2023-12-31T16:23:14.596+08:00  INFO 9252 --- [main] s.o.demo.service.TopTagQuestionService   : Create new TopTagQuestionService
2023-12-31T16:23:14.596+08:00  INFO 9252 --- [main] s.o.d.c.TopTagQuestionController         : Create new TopTagQuestionController
2023-12-31T16:23:14.614+08:00  WARN 9252 --- [main] JpaBaseConfiguration$JpaWebConfiguration : spring.jpa.open-in-view is enabled by default. Therefore, database queries may be performed during view rendering. Explicitly configure spring.jpa.open-in-view to disable this warning
2023-12-31T16:23:14.792+08:00  INFO 9252 --- [main] o.s.b.w.embedded.tomcat.TomcatWebServer  : Tomcat started on port 8080 (http) with context path ''
2023-12-31T16:23:14.796+08:00  INFO 9252 --- [main] stack.overflow.demo.DemoApplication      : Started DemoApplication in 2.264 seconds (process running for 2.557)
2023-12-31T16:24:34.183+08:00  INFO 9252 --- [SpringApplicationShutdownHook] j.LocalContainerEntityManagerFactoryBean : Closing JPA EntityManagerFactory for persistence unit 'default'
2023-12-31T16:24:34.184+08:00  INFO 9252 --- [SpringApplicationShutdownHook] com.zaxxer.hikari.HikariDataSource       : HikariPool-1 - Shutdown initiated...
2023-12-31T16:24:34.277+08:00  INFO 9252 --- [SpringApplicationShutdownHook] com.zaxxer.hikari.HikariDataSource       : HikariPool-1 - Shutdown completed.
2023-12-31T16:24:36.147+08:00  INFO 9832 --- [main] stack.overflow.demo.DemoApplication      : Starting DemoApplication using Java 17.0.9 with PID 9832 (C:\Users\Mayn\Desktop\JAVA2-Project\target\classes started by Mayn in C:\Users\Mayn\Desktop\JAVA2-Project)
2023-12-31T16:24:36.148+08:00  INFO 9832 --- [main] stack.overflow.demo.DemoApplication      : No active profile set, falling back to 1 default profile: "default"
2023-12-31T16:24:36.451+08:00  INFO 9832 --- [main] .s.d.r.c.RepositoryConfigurationDelegate : Bootstrapping Spring Data JPA repositories in DEFAULT mode.
2023-12-31T16:24:36.483+08:00  INFO 9832 --- [main] .s.d.r.c.RepositoryConfigurationDelegate : Finished Spring Data repository scanning in 28 ms. Found 1 JPA repository interface.
2023-12-31T16:24:36.740+08:00  INFO 9832 --- [main] o.s.b.w.embedded.tomcat.TomcatWebServer  : Tomcat initialized with port 8080 (http)
2023-12-31T16:24:36.747+08:00  INFO 9832 --- [main] o.apache.catalina.core.StandardService   : Starting service [Tomcat]
2023-12-31T16:24:36.747+08:00  INFO 9832 --- [main] o.apache.catalina.core.StandardEngine    : Starting Servlet engine: [Apache Tomcat/10.1.17]
2023-12-31T16:24:36.778+08:00  INFO 9832 --- [main] o.a.c.c.C.[Tomcat].[localhost].[/]       : Initializing Spring embedded WebApplicationContext
2023-12-31T16:24:36.778+08:00  INFO 9832 --- [main] w.s.c.ServletWebServerApplicationContext : Root WebApplicationContext: initialization completed in 607 ms
2023-12-31T16:24:36.853+08:00  INFO 9832 --- [main] o.hibernate.jpa.internal.util.LogHelper  : HHH000204: Processing PersistenceUnitInfo [name: default]
2023-12-31T16:24:36.881+08:00  INFO 9832 --- [main] org.hibernate.Version                    : HHH000412: Hibernate ORM core version 6.4.1.Final
2023-12-31T16:24:36.900+08:00  INFO 9832 --- [main] o.h.c.internal.RegionFactoryInitiator    : HHH000026: Second-level cache disabled
2023-12-31T16:24:37.021+08:00  INFO 9832 --- [main] o.s.o.j.p.SpringPersistenceUnitInfo      : No LoadTimeWeaver setup: ignoring JPA class transformer
2023-12-31T16:24:37.037+08:00  INFO 9832 --- [main] com.zaxxer.hikari.HikariDataSource       : HikariPool-1 - Starting...
2023-12-31T16:24:37.261+08:00  INFO 9832 --- [main] com.zaxxer.hikari.pool.HikariPool        : HikariPool-1 - Added connection org.postgresql.jdbc.PgConnection@1a17dd6f
2023-12-31T16:24:37.262+08:00  INFO 9832 --- [main] com.zaxxer.hikari.HikariDataSource       : HikariPool-1 - Start completed.
2023-12-31T16:24:37.295+08:00  WARN 9832 --- [main] org.hibernate.orm.deprecation            : HHH90000025: PostgreSQLDialect does not need to be specified explicitly using 'hibernate.dialect' (remove the property setting and it will be selected by default)
2023-12-31T16:24:37.771+08:00  INFO 9832 --- [main] o.h.e.t.j.p.i.JtaPlatformInitiator       : HHH000489: No JTA platform available (set 'hibernate.transaction.jta.platform' to enable JTA platform integration)
2023-12-31T16:24:37.829+08:00  INFO 9832 --- [main] j.LocalContainerEntityManagerFactoryBean : Initialized JPA EntityManagerFactory for persistence unit 'default'
2023-12-31T16:24:37.957+08:00  INFO 9832 --- [main] s.o.demo.service.TopTagQuestionService   : Create new TopTagQuestionService
2023-12-31T16:24:37.957+08:00  INFO 9832 --- [main] s.o.d.c.TopTagQuestionController         : Create new TopTagQuestionController
2023-12-31T16:24:37.975+08:00  WARN 9832 --- [main] JpaBaseConfiguration$JpaWebConfiguration : spring.jpa.open-in-view is enabled by default. Therefore, database queries may be performed during view rendering. Explicitly configure spring.jpa.open-in-view to disable this warning
2023-12-31T16:24:38.161+08:00  INFO 9832 --- [main] o.s.b.w.embedded.tomcat.TomcatWebServer  : Tomcat started on port 8080 (http) with context path ''
2023-12-31T16:24:38.167+08:00  INFO 9832 --- [main] stack.overflow.demo.DemoApplication      : Started DemoApplication in 2.243 seconds (process running for 2.523)
2023-12-31T16:25:34.462+08:00  INFO 9832 --- [http-nio-0.0.0.0-8080-exec-1] o.a.c.c.C.[Tomcat].[localhost].[/]       : Initializing Spring DispatcherServlet 'dispatcherServlet'
2023-12-31T16:25:34.463+08:00  INFO 9832 --- [http-nio-0.0.0.0-8080-exec-1] o.s.web.servlet.DispatcherServlet        : Initializing Servlet 'dispatcherServlet'
2023-12-31T16:25:34.464+08:00  INFO 9832 --- [http-nio-0.0.0.0-8080-exec-1] o.s.web.servlet.DispatcherServlet        : Completed initialization in 1 ms
2023-12-31T16:25:34.477+08:00  INFO 9832 --- [http-nio-0.0.0.0-8080-exec-1] s.o.d.c.TopTagQuestionController         : Receive new request for all tags count
2023-12-31T16:29:05.786+08:00  INFO 9832 --- [SpringApplicationShutdownHook] j.LocalContainerEntityManagerFactoryBean : Closing JPA EntityManagerFactory for persistence unit 'default'
2023-12-31T16:29:05.787+08:00  INFO 9832 --- [SpringApplicationShutdownHook] com.zaxxer.hikari.HikariDataSource       : HikariPool-1 - Shutdown initiated...
2023-12-31T16:29:05.861+08:00  INFO 9832 --- [SpringApplicationShutdownHook] com.zaxxer.hikari.HikariDataSource       : HikariPool-1 - Shutdown completed.
2023-12-31T16:29:07.107+08:00  INFO 20588 --- [main] stack.overflow.demo.DemoApplication      : Starting DemoApplication using Java 17.0.9 with PID 20588 (C:\Users\Mayn\Desktop\JAVA2-Project\target\classes started by Mayn in C:\Users\Mayn\Desktop\JAVA2-Project)
2023-12-31T16:29:07.108+08:00  INFO 20588 --- [main] stack.overflow.demo.DemoApplication      : No active profile set, falling back to 1 default profile: "default"
2023-12-31T16:29:07.429+08:00  INFO 20588 --- [main] .s.d.r.c.RepositoryConfigurationDelegate : Bootstrapping Spring Data JPA repositories in DEFAULT mode.
2023-12-31T16:29:07.463+08:00  INFO 20588 --- [main] .s.d.r.c.RepositoryConfigurationDelegate : Finished Spring Data repository scanning in 30 ms. Found 1 JPA repository interface.
2023-12-31T16:29:07.724+08:00  INFO 20588 --- [main] o.s.b.w.embedded.tomcat.TomcatWebServer  : Tomcat initialized with port 8080 (http)
2023-12-31T16:29:07.731+08:00  INFO 20588 --- [main] o.apache.catalina.core.StandardService   : Starting service [Tomcat]
2023-12-31T16:29:07.731+08:00  INFO 20588 --- [main] o.apache.catalina.core.StandardEngine    : Starting Servlet engine: [Apache Tomcat/10.1.17]
2023-12-31T16:29:07.764+08:00  INFO 20588 --- [main] o.a.c.c.C.[Tomcat].[localhost].[/]       : Initializing Spring embedded WebApplicationContext
2023-12-31T16:29:07.764+08:00  INFO 20588 --- [main] w.s.c.ServletWebServerApplicationContext : Root WebApplicationContext: initialization completed in 632 ms
2023-12-31T16:29:07.841+08:00  INFO 20588 --- [main] o.hibernate.jpa.internal.util.LogHelper  : HHH000204: Processing PersistenceUnitInfo [name: default]
2023-12-31T16:29:07.870+08:00  INFO 20588 --- [main] org.hibernate.Version                    : HHH000412: Hibernate ORM core version 6.4.1.Final
2023-12-31T16:29:07.887+08:00  INFO 20588 --- [main] o.h.c.internal.RegionFactoryInitiator    : HHH000026: Second-level cache disabled
2023-12-31T16:29:08.004+08:00  INFO 20588 --- [main] o.s.o.j.p.SpringPersistenceUnitInfo      : No LoadTimeWeaver setup: ignoring JPA class transformer
2023-12-31T16:29:08.018+08:00  INFO 20588 --- [main] com.zaxxer.hikari.HikariDataSource       : HikariPool-1 - Starting...
2023-12-31T16:29:08.291+08:00  INFO 20588 --- [main] com.zaxxer.hikari.pool.HikariPool        : HikariPool-1 - Added connection org.postgresql.jdbc.PgConnection@3a3ad8e7
2023-12-31T16:29:08.292+08:00  INFO 20588 --- [main] com.zaxxer.hikari.HikariDataSource       : HikariPool-1 - Start completed.
2023-12-31T16:29:08.323+08:00  WARN 20588 --- [main] org.hibernate.orm.deprecation            : HHH90000025: PostgreSQLDialect does not need to be specified explicitly using 'hibernate.dialect' (remove the property setting and it will be selected by default)
2023-12-31T16:29:08.779+08:00  INFO 20588 --- [main] o.h.e.t.j.p.i.JtaPlatformInitiator       : HHH000489: No JTA platform available (set 'hibernate.transaction.jta.platform' to enable JTA platform integration)
2023-12-31T16:29:08.849+08:00  INFO 20588 --- [main] j.LocalContainerEntityManagerFactoryBean : Initialized JPA EntityManagerFactory for persistence unit 'default'
2023-12-31T16:29:08.970+08:00  INFO 20588 --- [main] s.o.demo.service.TopTagQuestionService   : Create new TopTagQuestionService
2023-12-31T16:29:08.970+08:00  INFO 20588 --- [main] s.o.d.c.TopTagQuestionController         : Create new TopTagQuestionController
2023-12-31T16:29:08.987+08:00  WARN 20588 --- [main] JpaBaseConfiguration$JpaWebConfiguration : spring.jpa.open-in-view is enabled by default. Therefore, database queries may be performed during view rendering. Explicitly configure spring.jpa.open-in-view to disable this warning
2023-12-31T16:29:09.161+08:00  INFO 20588 --- [main] o.s.b.w.embedded.tomcat.TomcatWebServer  : Tomcat started on port 8080 (http) with context path ''
2023-12-31T16:29:09.168+08:00  INFO 20588 --- [main] stack.overflow.demo.DemoApplication      : Started DemoApplication in 2.28 seconds (process running for 2.566)
2023-12-31T16:29:27.152+08:00  INFO 20588 --- [http-nio-0.0.0.0-8080-exec-1] o.a.c.c.C.[Tomcat].[localhost].[/]       : Initializing Spring DispatcherServlet 'dispatcherServlet'
2023-12-31T16:29:27.152+08:00  INFO 20588 --- [http-nio-0.0.0.0-8080-exec-1] o.s.web.servlet.DispatcherServlet        : Initializing Servlet 'dispatcherServlet'
2023-12-31T16:29:27.153+08:00  INFO 20588 --- [http-nio-0.0.0.0-8080-exec-1] o.s.web.servlet.DispatcherServlet        : Completed initialization in 1 ms
2023-12-31T16:29:27.170+08:00  INFO 20588 --- [http-nio-0.0.0.0-8080-exec-1] s.o.d.c.TopTagQuestionController         : Receive new request for all tags count
2023-12-31T16:29:27.723+08:00  INFO 20588 --- [http-nio-0.0.0.0-8080-exec-2] s.o.d.c.TopTagQuestionController         : Receive new request for all tags count
2023-12-31T16:29:27.964+08:00  INFO 20588 --- [http-nio-0.0.0.0-8080-exec-3] s.o.d.c.TopTagQuestionController         : Receive new request for all tags count
